<?xml version="1.0" encoding="UTF-8"?>
<testng-results ignored="0" total="1" passed="1" failed="0" skipped="0">
  <reporter-output>
  </reporter-output>
  <suite started-at="2022-09-07T17:51:07 IST" name="Default suite" finished-at="2022-09-07T17:51:36 IST" duration-ms="28314">
    <groups>
    </groups>
    <test started-at="2022-09-07T17:51:07 IST" name="Default test" finished-at="2022-09-07T17:51:36 IST" duration-ms="28314">
      <class name="crudOperationsUsingGenericUtility.EndToEndTest">
        <test-method signature="requestChainingAndVerify()[pri:0, instance:crudOperationsUsingGenericUtility.EndToEndTest@27462a88]" started-at="2022-09-07T17:51:07 IST" name="requestChainingAndVerify" finished-at="2022-09-07T17:51:34 IST" duration-ms="26696" status="PASS">
          <reporter-output>
          </reporter-output>
        </test-method> <!-- requestChainingAndVerify -->
      </class> <!-- crudOperationsUsingGenericUtility.EndToEndTest -->
    </test> <!-- Default test -->
  </suite> <!-- Default suite -->
</testng-results>
